<?xml version="1.0" encoding="UTF-8"?>
<testsuite xmlns:xsi="http://www.w3.org/2001/XMLSchema-instance" xsi:noNamespaceSchemaLocation="https://maven.apache.org/surefire/maven-surefire-plugin/xsd/surefire-test-report-3.0.xsd" version="3.0" name="InterfaceTest" time="7.094" tests="5" errors="0" skipped="0" failures="0">
  <properties>
[...]
</properties>
  <testcase name="CarregarArquivoCerto" classname="InterfaceTest" time="2.521"/>
  <testcase name="ConfiguracaoInicial" classname="InterfaceTest" time="0.857"/>
  <testcase name="CancelarCarregar" classname="InterfaceTest" time="1.152"/>
  <testcase name="CarregarArquivoErrado" classname="InterfaceTest" time="1.207"/>
  <testcase name="FocusableButtons" classname="InterfaceTest" time="1.257"/>
</testsuite>